TN:
SF:src\repositories\PrismaCategoriesRepository.ts
FN:5,(anonymous_0)
FN:10,(anonymous_1)
FN:17,(anonymous_2)
FN:25,(anonymous_3)
FN:34,(anonymous_4)
FNF:5
FNH:5
FNDA:1,(anonymous_0)
FNDA:4,(anonymous_1)
FNDA:2,(anonymous_2)
FNDA:4,(anonymous_3)
FNDA:4,(anonymous_4)
DA:1,1
DA:4,1
DA:6,1
DA:7,1
DA:11,4
DA:14,4
DA:18,2
DA:22,2
DA:26,4
DA:31,4
DA:35,4
DA:39,4
LF:12
LH:12
BRF:0
BRH:0
end_of_record
TN:
SF:src\repositories\PrismaPaymentsRepository.ts
FN:5,(anonymous_0)
FN:10,(anonymous_1)
FN:18,(anonymous_2)
FN:26,(anonymous_3)
FN:35,(anonymous_4)
FNF:5
FNH:5
FNDA:2,(anonymous_0)
FNDA:4,(anonymous_1)
FNDA:2,(anonymous_2)
FNDA:4,(anonymous_3)
FNDA:4,(anonymous_4)
DA:1,1
DA:4,1
DA:6,2
DA:7,2
DA:11,4
DA:15,4
DA:19,2
DA:23,2
DA:27,4
DA:32,4
DA:36,4
DA:40,4
LF:12
LH:12
BRF:0
BRH:0
end_of_record
TN:
SF:src\repositories\PrismaRentalsRepository.ts
FN:5,(anonymous_0)
FN:10,(anonymous_1)
FN:17,(anonymous_2)
FN:24,(anonymous_3)
FN:32,(anonymous_4)
FNF:5
FNH:5
FNDA:2,(anonymous_0)
FNDA:4,(anonymous_1)
FNDA:2,(anonymous_2)
FNDA:4,(anonymous_3)
FNDA:4,(anonymous_4)
DA:1,1
DA:4,1
DA:6,2
DA:7,2
DA:11,4
DA:14,4
DA:18,2
DA:21,2
DA:25,4
DA:29,4
DA:33,4
DA:36,4
LF:12
LH:12
BRF:0
BRH:0
end_of_record
TN:
SF:src\repositories\PrismaUsersRepository.ts
FN:6,(anonymous_0)
FN:10,(anonymous_1)
FN:17,(anonymous_2)
FN:24,(anonymous_3)
FN:32,(anonymous_4)
FNF:5
FNH:5
FNDA:1,(anonymous_0)
FNDA:2,(anonymous_1)
FNDA:1,(anonymous_2)
FNDA:1,(anonymous_3)
FNDA:1,(anonymous_4)
DA:1,1
DA:5,1
DA:7,1
DA:8,1
DA:11,2
DA:15,2
DA:18,1
DA:22,1
DA:25,1
DA:30,1
DA:33,1
DA:37,1
LF:12
LH:12
BRF:0
BRH:0
end_of_record
TN:
SF:src\repositories\PrismaVehiclesRepository.ts
FN:5,(anonymous_0)
FN:10,(anonymous_1)
FN:20,(anonymous_2)
FN:32,(anonymous_3)
FN:40,(anonymous_4)
FNF:5
FNH:5
FNDA:2,(anonymous_0)
FNDA:4,(anonymous_1)
FNDA:2,(anonymous_2)
FNDA:4,(anonymous_3)
FNDA:4,(anonymous_4)
DA:1,1
DA:4,1
DA:6,2
DA:7,2
DA:11,4
DA:17,4
DA:21,2
DA:29,2
DA:33,4
DA:37,4
DA:41,4
DA:44,4
LF:12
LH:12
BRF:0
BRH:0
end_of_record
